#
# A fatal error has been detected by the Java Runtime Environment:
#
#  EXCEPTION_ACCESS_VIOLATION (0xc0000005) at pc=0x000000006da2b4fb, pid=4432, tid=3264
#
# JRE version: 6.0_23-b05
# Java VM: Java HotSpot(TM) 64-Bit Server VM (19.0-b09 mixed mode windows-amd64 compressed oops)
# Problematic frame:
# V  [jvm.dll+0x23b4fb]
#
# If you would like to submit a bug report, please visit:
#   http://java.sun.com/webapps/bugreport/crash.jsp
#

---------------  T H R E A D  ---------------

Current thread (0x0000000006204000):  JavaThread "Java2D Disposer" daemon [_thread_in_vm, id=3264, stack(0x0000000007790000,0x0000000007890000)]

siginfo: ExceptionCode=0xc0000005, reading address 0x0000000000000011

Registers:
RAX=0x000000000788f598, RBX=0x0000000006176828, RCX=0x0000000000000000, RDX=0x0000000006204000
RSP=0x000000000788f4f0, RBP=0x0000000000000000, RSI=0x0000000006194ad0, RDI=0x000000000788f6e0
R8=0x0000000000000001, R9=0x0000000000000001, R10=0x0000000002161273, R11=0x000000000788f668
R12=0x0000000006204000, R13=0x0000000006176820, R14=0x000000000788f6b0, R15=0x0000000000000003
RIP=0x000000006da2b4fb, EFLAGS=0x0000000000010203

Register to memory mapping:

RAX=0x000000000788f598
0x000000000788f598 is pointing into the stack for thread: 0x0000000006204000
"Java2D Disposer" daemon prio=10 tid=0x0000000006204000 nid=0xcc0 runnable [0x000000000788f000]
   java.lang.Thread.State: RUNNABLE

RBX=0x0000000006176828
0x0000000006176828 is pointing to unknown location

RCX=0x0000000000000000
0x0000000000000000 is pointing to unknown location

RDX=0x0000000006204000
"Java2D Disposer" daemon prio=10 tid=0x0000000006204000 nid=0xcc0 runnable [0x000000000788f000]
   java.lang.Thread.State: RUNNABLE

RSP=0x000000000788f4f0
0x000000000788f4f0 is pointing into the stack for thread: 0x0000000006204000
"Java2D Disposer" daemon prio=10 tid=0x0000000006204000 nid=0xcc0 runnable [0x000000000788f000]
   java.lang.Thread.State: RUNNABLE

RBP=0x0000000000000000
0x0000000000000000 is pointing to unknown location

RSI=0x0000000006194ad0
0x0000000006194ad0 is pointing to unknown location

RDI=0x000000000788f6e0
0x000000000788f6e0 is pointing into the stack for thread: 0x0000000006204000
"Java2D Disposer" daemon prio=10 tid=0x0000000006204000 nid=0xcc0 runnable [0x000000000788f000]
   java.lang.Thread.State: RUNNABLE

R8 =0x0000000000000001
0x0000000000000001 is pointing to unknown location

R9 =0x0000000000000001
0x0000000000000001 is pointing to unknown location

R10=0x0000000002161273
method entry point (kind = native)  [0x0000000002161000, 0x0000000002161880]  2176 bytes

R11=0x000000000788f668
0x000000000788f668 is pointing into the stack for thread: 0x0000000006204000
"Java2D Disposer" daemon prio=10 tid=0x0000000006204000 nid=0xcc0 runnable [0x000000000788f000]
   java.lang.Thread.State: RUNNABLE

R12=0x0000000006204000
"Java2D Disposer" daemon prio=10 tid=0x0000000006204000 nid=0xcc0 runnable [0x000000000788f000]
   java.lang.Thread.State: RUNNABLE

R13=0x0000000006176820
0x0000000006176820 is pointing to unknown location

R14=0x000000000788f6b0
0x000000000788f6b0 is pointing into the stack for thread: 0x0000000006204000
"Java2D Disposer" daemon prio=10 tid=0x0000000006204000 nid=0xcc0 runnable [0x000000000788f000]
   java.lang.Thread.State: RUNNABLE

R15=0x0000000000000003
0x0000000000000003 is pointing to unknown location


Top of Stack: (sp=0x000000000788f4f0)
0x000000000788f4f0:   0000000006204000 0000000000000000
0x000000000788f500:   0000000006204000 000000006da2b1c5
0x000000000788f510:   000000000788f690 0000000006176820
0x000000000788f520:   0000000006194ad0 00000000061763f0
0x000000000788f530:   0000000006176400 00000000061767d8
0x000000000788f540:   0000000006176400 00000000061767d8
0x000000000788f550:   000000006dd69b60 0000000006176828
0x000000000788f560:   0000000006204000 0000000000000000
0x000000000788f570:   0000000000000000 000000000788f6e0
0x000000000788f580:   00000000062041c8 00000000062041c8
0x000000000788f590:   00000000062041c8 0000000006176820
0x000000000788f5a0:   000000000b43f7f0 0000000000000000
0x000000000788f5b0:   0000000000000000 000000006dc96ed0
0x000000000788f5c0:   0000000002154ed0 000000006d9f252a
0x000000000788f5d0:   00000000e0187440 000000006d000135
0x000000000788f5e0:   000000009bedf1b0 000000000788f598 

Instructions: (pc=0x000000006da2b4fb)
0x000000006da2b4eb:   00 00 4c 89 2c c8 ff 84 24 08 01 00 00 4c 8b 03
0x000000006da2b4fb:   49 8b 40 10 4d 8b 40 18 0f b7 48 42 4d 8b 44 c8 


Stack: [0x0000000007790000,0x0000000007890000],  sp=0x000000000788f4f0,  free space=1021k
Native frames: (J=compiled Java code, j=interpreted, Vv=VM code, C=native code)
V  [jvm.dll+0x23b4fb]

[error occurred during error reporting (printing native stack), id 0xc0000005]

Java frames: (J=compiled Java code, j=interpreted, Vv=VM code)
j  java.awt.Cursor.finalizeImpl(J)V+0
j  java.awt.Cursor.access$000(J)V+1
j  java.awt.Cursor$CursorDisposer.dispose()V+13
j  sun.java2d.Disposer.run()V+26
j  java.lang.Thread.run()V+11
v  ~StubRoutines::call_stub

---------------  P R O C E S S  ---------------

Java Threads: ( => current thread )
  0x000000000b90a800 JavaThread "Thread-1" daemon [_thread_in_native, id=5484, stack(0x000000000d1a0000,0x000000000d2a0000)]
  0x000000000b801800 JavaThread "TimerQueue" daemon [_thread_blocked, id=3200, stack(0x000000000c4a0000,0x000000000c5a0000)]
  0x000000000022b800 JavaThread "DestroyJavaVM" [_thread_blocked, id=6020, stack(0x0000000002050000,0x0000000002150000)]
  0x000000000a63d800 JavaThread "AWT-EventQueue-0" [_thread_blocked, id=6008, stack(0x000000000aad0000,0x000000000abd0000)]
  0x0000000006208000 JavaThread "AWT-Windows" daemon [_thread_blocked, id=3040, stack(0x0000000007990000,0x0000000007a90000)]
  0x0000000006205000 JavaThread "AWT-Shutdown" [_thread_blocked, id=5864, stack(0x0000000007890000,0x0000000007990000)]
=>0x0000000006204000 JavaThread "Java2D Disposer" daemon [_thread_in_vm, id=3264, stack(0x0000000007790000,0x0000000007890000)]
  0x000000000617c000 JavaThread "Low Memory Detector" daemon [_thread_blocked, id=2900, stack(0x0000000007250000,0x0000000007350000)]
  0x0000000006173800 JavaThread "CompilerThread1" daemon [_thread_blocked, id=4944, stack(0x0000000007150000,0x0000000007250000)]
  0x000000000615e000 JavaThread "CompilerThread0" daemon [_thread_blocked, id=4164, stack(0x0000000007050000,0x0000000007150000)]
  0x000000000615d000 JavaThread "Attach Listener" daemon [_thread_blocked, id=6116, stack(0x0000000006f50000,0x0000000007050000)]
  0x000000000615c800 JavaThread "Signal Dispatcher" daemon [_thread_blocked, id=5324, stack(0x0000000006e50000,0x0000000006f50000)]
  0x000000000610a000 JavaThread "Finalizer" daemon [_thread_blocked, id=1384, stack(0x0000000006d50000,0x0000000006e50000)]
  0x0000000006101800 JavaThread "Reference Handler" daemon [_thread_blocked, id=3168, stack(0x0000000006c50000,0x0000000006d50000)]

Other Threads:
  0x00000000060fc800 VMThread [stack: 0x0000000006b50000,0x0000000006c50000] [id=5448]
  0x0000000006196000 WatcherThread [stack: 0x0000000007350000,0x0000000007450000] [id=4312]

VM state:synchronizing (normal execution)

VM Mutex/Monitor currently owned by a thread:  ([mutex/lock_event])
[0x00000000002297d0] Threads_lock - owner thread: 0x00000000060fc800

Heap
 PSYoungGen      total 28672K, used 4568K [0x00000000e00b0000, 0x00000000e20a0000, 0x0000000100000000)
  eden space 24640K, 4% used [0x00000000e00b0000,0x00000000e01c2598,0x00000000e18c0000)
  from space 4032K, 86% used [0x00000000e1cb0000,0x00000000e2013db8,0x00000000e20a0000)
  to   space 4032K, 0% used [0x00000000e18c0000,0x00000000e18c0000,0x00000000e1cb0000)
 PSOldGen        total 65472K, used 0K [0x00000000a0200000, 0x00000000a41f0000, 0x00000000e00b0000)
  object space 65472K, 0% used [0x00000000a0200000,0x00000000a0200000,0x00000000a41f0000)
 PSPermGen       total 21248K, used 16086K [0x000000009b000000, 0x000000009c4c0000, 0x00000000a0200000)
  object space 21248K, 75% used [0x000000009b000000,0x000000009bfb59e8,0x000000009c4c0000)

Dynamic libraries:
0x0000000000400000 - 0x000000000042e000 	C:\Program Files\Java\jre6\bin\javaw.exe
0x0000000077470000 - 0x0000000077619000 	C:\Windows\SYSTEM32\ntdll.dll
0x0000000076ee0000 - 0x0000000076fff000 	C:\Windows\system32\kernel32.dll
0x000007fefd980000 - 0x000007fefd9ec000 	C:\Windows\system32\KERNELBASE.dll
0x000007feff4d0000 - 0x000007feff5ab000 	C:\Windows\system32\ADVAPI32.dll
0x000007fefeb90000 - 0x000007fefec2f000 	C:\Windows\system32\msvcrt.dll
0x000007fefdca0000 - 0x000007fefdcbf000 	C:\Windows\SYSTEM32\sechost.dll
0x000007feff1f0000 - 0x000007feff31d000 	C:\Windows\system32\RPCRT4.dll
0x0000000077370000 - 0x000000007746a000 	C:\Windows\system32\USER32.dll
0x000007fefec30000 - 0x000007fefec97000 	C:\Windows\system32\GDI32.dll
0x000007fefeb80000 - 0x000007fefeb8e000 	C:\Windows\system32\LPK.dll
0x000007feff610000 - 0x000007feff6d9000 	C:\Windows\system32\USP10.dll
0x000007fefea50000 - 0x000007fefea7e000 	C:\Windows\system32\IMM32.DLL
0x000007feff320000 - 0x000007feff429000 	C:\Windows\system32\MSCTF.dll
0x000000006d7f0000 - 0x000000006dee0000 	C:\Program Files\Java\jre6\bin\server\jvm.dll
0x000007fefb0c0000 - 0x000007fefb0fb000 	C:\Windows\system32\WINMM.dll
0x000000006d760000 - 0x000000006d76e000 	C:\Program Files\Java\jre6\bin\verify.dll
0x000000006d3b0000 - 0x000000006d3d7000 	C:\Program Files\Java\jre6\bin\java.dll
0x000000006d310000 - 0x000000006d31a000 	C:\Program Files\Java\jre6\bin\hpi.dll
0x0000000077630000 - 0x0000000077637000 	C:\Windows\system32\PSAPI.DLL
0x000000006d7b0000 - 0x000000006d7c2000 	C:\Program Files\Java\jre6\bin\zip.dll
0x000000006d000000 - 0x000000006d1c3000 	C:\Program Files\Java\jre6\bin\awt.dll
0x000007fef7a30000 - 0x000007fef7aa1000 	C:\Windows\system32\WINSPOOL.DRV
0x000007fefefe0000 - 0x000007feff1e3000 	C:\Windows\system32\ole32.dll
0x000007fefdcc0000 - 0x000007fefea48000 	C:\Windows\system32\SHELL32.dll
0x000007fefef60000 - 0x000007fefefd1000 	C:\Windows\system32\SHLWAPI.dll
0x000007fefc4b0000 - 0x000007fefc6a4000 	C:\Windows\WinSxS\amd64_microsoft.windows.common-controls_6595b64144ccf1df_6.0.7601.17514_none_fa396087175ac9ac\COMCTL32.dll
0x000007fefcb80000 - 0x000007fefcb98000 	C:\Windows\system32\DWMAPI.DLL
0x000007fefc130000 - 0x000007fefc186000 	C:\Windows\system32\uxtheme.dll
0x000007fefd7c0000 - 0x000007fefd7cf000 	C:\Windows\system32\CRYPTBASE.dll
0x000000006d2a0000 - 0x000000006d306000 	C:\Program Files\Java\jre6\bin\fontmanager.dll
0x000007fef33e0000 - 0x000007fef35df000 	C:\Windows\system32\d3d9.dll
0x000007fefc9a0000 - 0x000007fefc9ac000 	C:\Windows\system32\VERSION.dll
0x000007fefb6b0000 - 0x000007fefb6b7000 	C:\Windows\system32\d3d8thk.dll
0x000007fee7eb0000 - 0x000007fee8dbf000 	C:\Windows\system32\nvd3dumx.dll
0x000007fefbd30000 - 0x000007fefbd5c000 	C:\Windows\system32\powrprof.dll
0x000007fefed80000 - 0x000007fefef57000 	C:\Windows\system32\SETUPAPI.dll
0x000007fefd9f0000 - 0x000007fefda26000 	C:\Windows\system32\CFGMGR32.dll
0x000007fefeca0000 - 0x000007fefed77000 	C:\Windows\system32\OLEAUT32.dll
0x000007fefdc80000 - 0x000007fefdc9a000 	C:\Windows\system32\DEVOBJ.dll
0x000000006d600000 - 0x000000006d617000 	C:\Program Files\Java\jre6\bin\net.dll
0x000007fefeb00000 - 0x000007fefeb4d000 	C:\Windows\system32\WS2_32.dll
0x000007fefeb50000 - 0x000007fefeb58000 	C:\Windows\system32\NSI.dll
0x000007fefd1c0000 - 0x000007fefd215000 	C:\Windows\system32\mswsock.dll
0x000007fefd1b0000 - 0x000007fefd1b7000 	C:\Windows\System32\wship6.dll
0x000000006d620000 - 0x000000006d62b000 	C:\Program Files\Java\jre6\bin\nio.dll
0x000007feff430000 - 0x000007feff4c9000 	C:\Windows\system32\CLBCatQ.DLL
0x000007fefc190000 - 0x000007fefc2bc000 	C:\Windows\system32\propsys.dll
0x000007fefb840000 - 0x000007fefb86d000 	C:\Windows\system32\ntmarta.dll
0x000007feff5b0000 - 0x000007feff602000 	C:\Windows\system32\WLDAP32.dll
0x000007fefd760000 - 0x000007fefd7b7000 	C:\Windows\system32\apphelp.dll
0x000007fefd8d0000 - 0x000007fefd8df000 	C:\Windows\system32\profapi.dll
0x000007fefb480000 - 0x000007fefb48b000 	C:\Windows\system32\slc.dll
0x000007fefbaa0000 - 0x000007fefbbca000 	C:\Windows\system32\WindowsCodecs.dll
0x0000000010000000 - 0x000000001001c000 	C:\Users\beowulf\AppData\Roaming\Dropbox\bin\DropboxExt64.14.dll
0x000007fefb100000 - 0x000007fefb225000 	C:\Windows\system32\dbghelp.dll
0x000007fef5090000 - 0x000007fef5126000 	C:\Windows\system32\msvcp60.dll
0x000007fef5050000 - 0x000007fef5085000 	C:\Windows\system32\EhStorShell.dll
0x000007fef4fd0000 - 0x000007fef504e000 	C:\Windows\System32\cscui.dll
0x000007fef4fc0000 - 0x000007fef4fcc000 	C:\Windows\System32\CSCDLL.dll
0x000007fef6f70000 - 0x000007fef6f7f000 	C:\Windows\system32\CSCAPI.dll
0x000007fef4bc0000 - 0x000007fef4c40000 	C:\Windows\system32\ntshrui.dll
0x000007fefd400000 - 0x000007fefd423000 	C:\Windows\system32\srvcli.dll
0x000007fefac20000 - 0x000007fefac38000 	C:\Windows\system32\MPR.dll
0x000007fef4400000 - 0x000007fef440a000 	C:\Windows\System32\drprov.dll
0x000007fefd870000 - 0x000007fefd8ad000 	C:\Windows\System32\WINSTA.dll
0x000007fef43d0000 - 0x000007fef43f2000 	C:\Windows\System32\ntlanman.dll
0x000007fef43b0000 - 0x000007fef43cc000 	C:\Windows\System32\davclnt.dll
0x000007fef43a0000 - 0x000007fef43aa000 	C:\Windows\System32\DAVHLPR.dll
0x000007fefb930000 - 0x000007fefb945000 	C:\Windows\system32\wkscli.dll
0x000007fefb950000 - 0x000007fefb95c000 	C:\Windows\system32\netutils.dll
0x000007fefda30000 - 0x000007fefda6a000 	C:\Windows\system32\WINTRUST.dll
0x000007fefdb10000 - 0x000007fefdc77000 	C:\Windows\system32\CRYPT32.dll
0x000007fefd970000 - 0x000007fefd97f000 	C:\Windows\system32\MSASN1.dll
0x000007fef4fa0000 - 0x000007fef4fac000 	C:\Windows\system32\LINKINFO.dll
0x000007fefd560000 - 0x000007fefd56b000 	C:\Windows\system32\Secur32.dll
0x000007fefd730000 - 0x000007fefd755000 	C:\Windows\system32\SSPICLI.DLL
0x000007fefb910000 - 0x000007fefb924000 	C:\Windows\system32\samcli.dll
0x000007fefc2c0000 - 0x000007fefc2dd000 	C:\Windows\system32\SAMLIB.dll
0x000007fefd220000 - 0x000007fefd237000 	C:\Windows\system32\CRYPTSP.dll
0x000007fefce40000 - 0x000007fefce87000 	C:\Windows\system32\rsaenh.dll
0x000007fefd8b0000 - 0x000007fefd8c4000 	C:\Windows\system32\RpcRtRemote.dll

VM Arguments:
java_command: C:\projects\BiffBamBlammo\LevelEditor\BBBLevelEditor.jar
Launcher Type: SUN_STANDARD

Environment Variables:
CLASSPATH=.;C:\Program Files (x86)\QuickTime\QTSystem\QTJava.zip
PATH=C:\Program Files (x86)\NVIDIA Corporation\PhysX\Common;C:\Program Files (x86)\MiKTeX 2.9\miktex\bin;C:\Qt\2010.05\bin;C:\Qt\2010.05\qt\bin;C:\Windows\system32;C:\Windows;C:\Windows\System32\Wbem;C:\Windows\System32\WindowsPowerShell\v1.0\;C:\Python27;C:\Program Files (x86)\Microsoft Research KinectSDK\;C:\Program Files (x86)\NVIDIA Corporation\Cg\bin;C:\Program Files (x86)\NVIDIA Corporation\Cg\bin.x64;C:\Program Files (x86)\QuickTime\QTSystem\
USERNAME=beowulf
OS=Windows_NT
PROCESSOR_IDENTIFIER=Intel64 Family 6 Model 26 Stepping 5, GenuineIntel



---------------  S Y S T E M  ---------------

OS: Windows 7 Build 7601 Service Pack 1

CPU:total 8 (4 cores per cpu, 2 threads per core) family 6 model 26 stepping 5, cmov, cx8, fxsr, mmx, sse, sse2, sse3, ssse3, sse4.1, sse4.2, popcnt, ht

Memory: 4k page, physical 6282356k(3505596k free), swap 12562864k(9522496k free)

vm_info: Java HotSpot(TM) 64-Bit Server VM (19.0-b09) for windows-amd64 JRE (1.6.0_23-b05), built on Nov 13 2010 02:43:42 by "java_re" with MS VC++ 8.0 (VS2005)

time: Sat Oct 15 14:51:59 2011
elapsed time: 535 seconds

